<?xml version="1.0" encoding="UTF-8"?>
<testsuite xmlns:xsi="http://www.w3.org/2001/XMLSchema-instance" xsi:noNamespaceSchemaLocation="https://maven.apache.org/surefire/maven-surefire-plugin/xsd/surefire-test-report-3.0.xsd" version="3.0" name="com.grupo11.Movie_App.MovieAppApplicationTests" time="69.372" tests="1" errors="0" skipped="0" failures="0">
  <properties>
[...]
</properties>
  <testcase name="contextLoads" classname="com.grupo11.Movie_App.MovieAppApplicationTests" time="3.891">
    <system-out><![CDATA[14:34:02.510 [main] INFO org.springframework.test.context.support.AnnotationConfigContextLoaderUtils -- Could not detect default configuration classes for test class [com.grupo11.Movie_App.MovieAppApplicationTests]: MovieAppApplicationTests does not declare any static, non-private, non-final, nested classes annotated with @Configuration.
14:34:03.196 [main] INFO org.springframework.boot.test.context.SpringBootTestContextBootstrapper -- Found @SpringBootConfiguration com.grupo11.Movie_App.MovieAppApplication for test class com.grupo11.Movie_App.MovieAppApplicationTests
14:34:04.861 [main] INFO org.springframework.boot.devtools.restart.RestartApplicationListener -- Restart disabled due to context in which it is running
  .   ____          _            __ _ _
 /\\ / ___'_ __ _ _(_)_ __  __ _ \ \ \ \
( ( )\___ | '_ | '_| | '_ \/ _` | \ \ \ \
 \\/  ___)| |_)| | | | | || (_| |  ) ) ) )
  '  |____| .__|_| |_|_| |_\__, | / / / /
 =========|_|==============|___/=/_/_/_/

 :: Spring Boot ::                (v3.3.0)

2024-06-30T14:34:06.832-03:00  INFO 14216 --- [           main] c.g.Movie_App.MovieAppApplicationTests   : Starting MovieAppApplicationTests using Java 17.0.9 with PID 14216 (started by Notebook in C:\Users\Notebook\Desktop\Movie-App)
2024-06-30T14:34:06.840-03:00  INFO 14216 --- [           main] c.g.Movie_App.MovieAppApplicationTests   : No active profile set, falling back to 1 default profile: "default"
2024-06-30T14:34:22.560-03:00  INFO 14216 --- [           main] .s.d.r.c.RepositoryConfigurationDelegate : Bootstrapping Spring Data JPA repositories in DEFAULT mode.
2024-06-30T14:34:23.821-03:00  INFO 14216 --- [           main] .s.d.r.c.RepositoryConfigurationDelegate : Finished Spring Data repository scanning in 967 ms. Found 3 JPA repository interfaces.
2024-06-30T14:34:31.939-03:00  INFO 14216 --- [           main] o.hibernate.jpa.internal.util.LogHelper  : HHH000204: Processing PersistenceUnitInfo [name: default]
2024-06-30T14:34:32.369-03:00  INFO 14216 --- [           main] org.hibernate.Version                    : HHH000412: Hibernate ORM core version 6.5.2.Final
2024-06-30T14:34:32.596-03:00  INFO 14216 --- [           main] o.h.c.internal.RegionFactoryInitiator    : HHH000026: Second-level cache disabled
2024-06-30T14:34:36.761-03:00  INFO 14216 --- [           main] o.s.o.j.p.SpringPersistenceUnitInfo      : No LoadTimeWeaver setup: ignoring JPA class transformer
2024-06-30T14:34:37.282-03:00  INFO 14216 --- [           main] com.zaxxer.hikari.HikariDataSource       : HikariPool-1 - Starting...
2024-06-30T14:34:39.208-03:00  INFO 14216 --- [           main] com.zaxxer.hikari.pool.HikariPool        : HikariPool-1 - Added connection org.postgresql.jdbc.PgConnection@54be6213
2024-06-30T14:34:39.215-03:00  INFO 14216 --- [           main] com.zaxxer.hikari.HikariDataSource       : HikariPool-1 - Start completed.
2024-06-30T14:34:39.577-03:00  WARN 14216 --- [           main] org.hibernate.orm.deprecation            : HHH90000025: PostgreSQLDialect does not need to be specified explicitly using 'hibernate.dialect' (remove the property setting and it will be selected by default)
2024-06-30T14:34:53.362-03:00  INFO 14216 --- [           main] o.h.e.t.j.p.i.JtaPlatformInitiator       : HHH000489: No JTA platform available (set 'hibernate.transaction.jta.platform' to enable JTA platform integration)
2024-06-30T14:34:54.970-03:00  INFO 14216 --- [           main] j.LocalContainerEntityManagerFactoryBean : Initialized JPA EntityManagerFactory for persistence unit 'default'
2024-06-30T14:35:01.516-03:00  WARN 14216 --- [           main] JpaBaseConfiguration$JpaWebConfiguration : spring.jpa.open-in-view is enabled by default. Therefore, database queries may be performed during view rendering. Explicitly configure spring.jpa.open-in-view to disable this warning
2024-06-30T14:35:01.781-03:00  INFO 14216 --- [           main] o.s.b.a.w.s.WelcomePageHandlerMapping    : Adding welcome page: class path resource [static/index.html]
2024-06-30T14:35:06.240-03:00  INFO 14216 --- [           main] c.g.Movie_App.MovieAppApplicationTests   : Started MovieAppApplicationTests in 61.5 seconds (process running for 72.64)
]]></system-out>
  </testcase>
</testsuite>